# JRE version: Java(TM) SE Runtime Environment (18.0.1.1+2) (build 18.0.1.1+2-6)
# Java VM: Java HotSpot(TM) 64-Bit Server VM (18.0.1.1+2-6, mixed mode, emulated-client, sharing, tiered, compressed oops, compressed class ptrs, g1 gc, windows-amd64)
GC Precious Log:
 CardTable entry size: 512
 Card Set container configuration: InlinePtr #cards 5 size 8 Array Of Cards #cards 12 size 40 Howl #buckets 4 coarsen threshold 1843 Howl Bitmap #cards 512 size 80 coarsen threshold 460 Card regions per heap region 1 cards per card region 2048
 CPUs: 4 total, 4 available
 Memory: 3971M
 Large Page Support: Disabled
 NUMA Support: Disabled
 Compressed Oops: Enabled (32-bit)
 Heap Region Size: 1M
 Heap Min Capacity: 8M
 Heap Initial Capacity: 64M
 Heap Max Capacity: 994M
 Pre-touch: Disabled
 Parallel Workers: 4
 Concurrent Workers: 1
 Concurrent Refinement Workers: 4
 Periodic GC: Disabled
Heap:
 garbage-first heap   total 66560K, used 33607K [0x00000000c1e00000, 0x0000000100000000)
  region size 1024K, 16 young (16384K), 4 survivors (4096K)
 Metaspace       used 46227K, committed 46784K, reserved 1114112K
  class space    used 6320K, committed 6592K, reserved 1048576K
GC Heap History (20 events):
Event: 1.662 GC heap before
{Heap before GC invocations=0 (full 0):
 garbage-first heap   total 65536K, used 13312K [0x00000000c1e00000, 0x0000000100000000)
  region size 1024K, 13 young (13312K), 0 survivors (0K)
 Metaspace       used 4997K, committed 5184K, reserved 1114112K
  class space    used 575K, committed 640K, reserved 1048576K
}
Event: 1.674 GC heap after
{Heap after GC invocations=1 (full 0):
 garbage-first heap   total 65536K, used 6608K [0x00000000c1e00000, 0x0000000100000000)
  region size 1024K, 2 young (2048K), 2 survivors (2048K)
 Metaspace       used 4997K, committed 5184K, reserved 1114112K
  class space    used 575K, committed 640K, reserved 1048576K
}
Event: 2.005 GC heap before
{Heap before GC invocations=1 (full 0):
 garbage-first heap   total 65536K, used 15824K [0x00000000c1e00000, 0x0000000100000000)
  region size 1024K, 11 young (11264K), 2 survivors (2048K)
 Metaspace       used 7461K, committed 7680K, reserved 1114112K
  class space    used 935K, committed 1024K, reserved 1048576K
}
Event: 2.018 GC heap after
{Heap after GC invocations=2 (full 0):
 garbage-first heap   total 65536K, used 8075K [0x00000000c1e00000, 0x0000000100000000)
  region size 1024K, 2 young (2048K), 2 survivors (2048K)
 Metaspace       used 7461K, committed 7680K, reserved 1114112K
  class space    used 935K, committed 1024K, reserved 1048576K
}
Event: 2.681 GC heap before
{Heap before GC invocations=2 (full 0):
 garbage-first heap   total 65536K, used 27531K [0x00000000c1e00000, 0x0000000100000000)
  region size 1024K, 22 young (22528K), 2 survivors (2048K)
 Metaspace       used 11825K, committed 12160K, reserved 1114112K
  class space    used 1591K, committed 1728K, reserved 1048576K
}
Event: 2.687 GC heap after
{Heap after GC invocations=3 (full 0):
 garbage-first heap   total 65536K, used 9540K [0x00000000c1e00000, 0x0000000100000000)
  region size 1024K, 3 young (3072K), 3 survivors (3072K)
 Metaspace       used 11825K, committed 12160K, reserved 1114112K
  class space    used 1591K, committed 1728K, reserved 1048576K
}
Event: 3.801 GC heap before
{Heap before GC invocations=3 (full 0):
 garbage-first heap   total 65536K, used 42308K [0x00000000c1e00000, 0x0000000100000000)
  region size 1024K, 36 young (36864K), 3 survivors (3072K)
 Metaspace       used 19286K, committed 19584K, reserved 1114112K
  class space    used 2592K, committed 2752K, reserved 1048576K
}
Event: 3.815 GC heap after
{Heap after GC invocations=4 (full 0):
 garbage-first heap   total 65536K, used 11830K [0x00000000c1e00000, 0x0000000100000000)
  region size 1024K, 5 young (5120K), 5 survivors (5120K)
 Metaspace       used 19286K, committed 19584K, reserved 1114112K
  class space    used 2592K, committed 2752K, reserved 1048576K
}
Event: 4.957 GC heap before
{Heap before GC invocations=4 (full 0):
 garbage-first heap   total 65536K, used 31286K [0x00000000c1e00000, 0x0000000100000000)
  region size 1024K, 25 young (25600K), 5 survivors (5120K)
 Metaspace       used 21185K, committed 21504K, reserved 1114112K
  class space    used 2861K, committed 3008K, reserved 1048576K
}
Event: 4.968 GC heap after
{Heap after GC invocations=5 (full 0):
 garbage-first heap   total 65536K, used 14063K [0x00000000c1e00000, 0x0000000100000000)
  region size 1024K, 5 young (5120K), 5 survivors (5120K)
 Metaspace       used 21185K, committed 21504K, reserved 1114112K
  class space    used 2861K, committed 3008K, reserved 1048576K
}
Event: 5.895 GC heap before
{Heap before GC invocations=6 (full 0):
 garbage-first heap   total 55296K, used 41711K [0x00000000c1e00000, 0x0000000100000000)
  region size 1024K, 32 young (32768K), 5 survivors (5120K)
 Metaspace       used 24637K, committed 25024K, reserved 1114112K
  class space    used 3389K, committed 3584K, reserved 1048576K
}
Event: 5.908 GC heap after
{Heap after GC invocations=7 (full 0):
 garbage-first heap   total 55296K, used 15646K [0x00000000c1e00000, 0x0000000100000000)
  region size 1024K, 4 young (4096K), 4 survivors (4096K)
 Metaspace       used 24637K, committed 25024K, reserved 1114112K
  class space    used 3389K, committed 3584K, reserved 1048576K
}
Event: 6.759 GC heap before
{Heap before GC invocations=7 (full 0):
 garbage-first heap   total 55296K, used 38174K [0x00000000c1e00000, 0x0000000100000000)
  region size 1024K, 26 young (26624K), 4 survivors (4096K)
 Metaspace       used 28405K, committed 28864K, reserved 1114112K
  class space    used 3945K, committed 4160K, reserved 1048576K
}
Event: 6.770 GC heap after
{Heap after GC invocations=8 (full 0):
 garbage-first heap   total 55296K, used 17539K [0x00000000c1e00000, 0x0000000100000000)
  region size 1024K, 4 young (4096K), 4 survivors (4096K)
 Metaspace       used 28405K, committed 28864K, reserved 1114112K
  class space    used 3945K, committed 4160K, reserved 1048576K
}
Event: 8.419 GC heap before
{Heap before GC invocations=8 (full 0):
 garbage-first heap   total 55296K, used 40067K [0x00000000c1e00000, 0x0000000100000000)
  region size 1024K, 26 young (26624K), 4 survivors (4096K)
 Metaspace       used 31932K, committed 32448K, reserved 1114112K
  class space    used 4403K, committed 4672K, reserved 1048576K
}
Event: 8.444 GC heap after
{Heap after GC invocations=9 (full 0):
 garbage-first heap   total 66560K, used 20066K [0x00000000c1e00000, 0x0000000100000000)
  region size 1024K, 3 young (3072K), 3 survivors (3072K)
 Metaspace       used 31932K, committed 32448K, reserved 1114112K
  class space    used 4403K, committed 4672K, reserved 1048576K
}
Event: 9.226 GC heap before
{Heap before GC invocations=9 (full 0):
 garbage-first heap   total 66560K, used 32354K [0x00000000c1e00000, 0x0000000100000000)
  region size 1024K, 16 young (16384K), 3 survivors (3072K)
 Metaspace       used 35406K, committed 35968K, reserved 1114112K
  class space    used 4967K, committed 5248K, reserved 1048576K
}
Event: 9.232 GC heap after
{Heap after GC invocations=10 (full 0):
 garbage-first heap   total 66560K, used 20854K [0x00000000c1e00000, 0x0000000100000000)
  region size 1024K, 1 young (1024K), 1 survivors (1024K)
 Metaspace       used 35406K, committed 35968K, reserved 1114112K
  class space    used 4967K, committed 5248K, reserved 1048576K
}
Event: 10.849 GC heap before
{Heap before GC invocations=11 (full 0):
 garbage-first heap   total 66560K, used 47478K [0x00000000c1e00000, 0x0000000100000000)
  region size 1024K, 28 young (28672K), 1 survivors (1024K)
 Metaspace       used 44320K, committed 44864K, reserved 1114112K
  class space    used 6056K, committed 6336K, reserved 1048576K
}
Event: 10.862 GC heap after
{Heap after GC invocations=12 (full 0):
 garbage-first heap   total 66560K, used 23367K [0x00000000c1e00000, 0x0000000100000000)
  region size 1024K, 4 young (4096K), 4 survivors (4096K)
 Metaspace       used 44320K, committed 44864K, reserved 1114112K
  class space    used 6056K, committed 6336K, reserved 1048576K
}

